<?xml version="1.0" encoding="utf-8"?><testsuites name="pytest tests"><testsuite name="pytest" errors="0" failures="0" skipped="0" tests="21" time="2.208" timestamp="2026-07-06T04:45:42.471579+00:00" hostname="agent-env-67317d85-e9f1-4ac7-9828-b0aa1d1d3a25"><testcase classname="tests.backend_test.TestMasters" name="test_departments" time="0.603" /><testcase classname="tests.backend_test.TestRuntimeBulkImport" name="test_template_download" time="0.695" /><testcase classname="tests.backend_test.TestMasters" name="test_lines_have_department" time="0.045" /><testcase classname="tests.backend_test.TestMasters" name="test_lines_pc21_exists_in_both_departments" time="0.000" /><testcase classname="tests.backend_test.TestMasters" name="test_machines_endpoint" time="0.087" /><testcase classname="tests.backend_test.TestShiftRemoval" name="test_breakdowns_no_shift_field" time="0.047" /><testcase classname="tests.backend_test.TestRuntimeBulkImport" name="test_dry_run_valid_csv" time="0.099" /><testcase classname="tests.backend_test.TestShiftRemoval" name="test_work_orders_no_shift_field" time="0.048" /><testcase classname="tests.backend_test.TestRuntimeBulkImport" name="test_dry_run_ambiguous_line_code" time="0.092" /><testcase classname="tests.backend_test.TestShiftRemoval" name="test_breakdowns_shift_filter_ignored" time="0.045" /><testcase classname="tests.backend_test.TestAnalyticsDept" name="test_department_kpi_process" time="0.050" /><testcase classname="tests.backend_test.TestRuntimeBulkImport" name="test_dry_run_pc21_with_department_resolves" time="0.093" /><testcase classname="tests.backend_test.TestAnalyticsDept" name="test_department_kpi_packaging" time="0.046" /><testcase classname="tests.backend_test.TestAnalyticsDept" name="test_department_kpi_unknown" time="0.085" /><testcase classname="tests.backend_test.TestRuntimeBulkImport" name="test_dry_run_invalid_rows" time="0.046" /><testcase classname="tests.backend_test.TestRuntimeBulkImport" name="test_dry_run_missing_columns" time="0.089" /><testcase classname="tests.backend_test.TestHealth" name="test_health" time="0.103" /><testcase classname="tests.backend_test.TestRuntimeBulkImport" name="test_commit_inserts_and_updates" time="0.155" /><testcase classname="tests.backend_test.TestHealth" name="test_admin_login" time="0.048" /><testcase classname="tests.backend_test.TestBreakdownsFilter" name="test_by_department" time="0.384" /><testcase classname="tests.backend_test.TestRuntimeBulkImport" name="test_commit_non_admin_denied" time="0.374" /></testsuite></testsuites>