<?xml version="1.0" encoding="utf-8"?><testsuites name="pytest tests"><testsuite name="pytest" errors="0" failures="0" skipped="0" tests="33" time="9.465" timestamp="2026-07-04T05:31:10.334409+00:00" hostname="agent-env-67317d85-e9f1-4ac7-9828-b0aa1d1d3a25"><testcase classname="tests.backend_test.TestAuth" name="test_login_admin" time="0.692" /><testcase classname="tests.backend_test.TestMasters" name="test_lines_returns_six" time="1.013" /><testcase classname="tests.backend_test.TestAuth" name="test_login_tech" time="0.320" /><testcase classname="tests.backend_test.TestAuth" name="test_login_op" time="0.352" /><testcase classname="tests.backend_test.TestMasters" name="test_pc21_tree_has_expected" time="0.355" /><testcase classname="tests.backend_test.TestMasters" name="test_pc32_parallel_counts" time="0.423" /><testcase classname="tests.backend_test.TestAuth" name="test_me_with_bearer" time="0.424" /><testcase classname="tests.backend_test.TestAuth" name="test_wrong_password_401" time="0.318" /><testcase classname="tests.backend_test.TestMasters" name="test_kkr_four_extruders" time="0.424" /><testcase classname="tests.backend_test.TestAuth" name="test_brute_force_lockout" time="0.711" /><testcase classname="tests.backend_test.TestMasters" name="test_failure_modes_seeded" time="0.104" /><testcase classname="tests.backend_test.TestMasters" name="test_failure_mode_create" time="0.097" /><testcase classname="tests.backend_test.TestMasters" name="test_spare_upsert" time="0.198" /><testcase classname="tests.backend_test.TestMasters" name="test_patch_machine" time="0.556" /><testcase classname="tests.backend_test.TestAuth" name="test_register_non_admin_forbidden" time="0.452" /><testcase classname="tests.backend_test.TestAuth" name="test_register_admin_creates" time="0.504" /><testcase classname="tests.backend_test.TestAnalyticsRuntime" name="test_line_kpi_no_runtime_returns_placeholder" time="0.199" /><testcase classname="tests.backend_test.TestAnalyticsRuntime" name="test_runtime_invalid_run_gt_calendar" time="0.201" /><testcase classname="tests.backend_test.TestBreakdown" name="test_breakdown_created_with_ticket" time="0.803" /><testcase classname="tests.backend_test.TestBreakdown" name="test_wo_created" time="0.000" /><testcase classname="tests.backend_test.TestBreakdown" name="test_machine_status_failed" time="0.099" /><testcase classname="tests.backend_test.TestBreakdown" name="test_breakdown_packing_rejected" time="0.344" /><testcase classname="tests.backend_test.TestAnalyticsRuntime" name="test_runtime_upsert_then_numeric_availability" time="0.298" /><testcase classname="tests.backend_test.TestBreakdown" name="test_list_breakdowns_contains_new" time="0.100" /><testcase classname="tests.backend_test.TestAnalyticsRuntime" name="test_downtime_trend_30_days" time="0.201" /><testcase classname="tests.backend_test.TestBreakdown" name="test_timeline_has_breakdown_and_status_changed" time="0.100" /><testcase classname="tests.backend_test.TestHealth" name="test_health_ok" time="0.112" /><testcase classname="tests.backend_test.TestAnalyticsRuntime" name="test_rankings_excludes_packing" time="0.216" /><testcase classname="tests.backend_test.TestTimeline" name="test_replay_returns_frames" time="0.204" /><testcase classname="tests.backend_test.TestNotifications" name="test_technician_sees_machine_down" time="0.641" /><testcase classname="tests.backend_test.TestWebSocket" name="test_ws_connect_and_broadcast" time="0.590" /><testcase classname="tests.backend_test.TestWOLifecycle" name="test_assign_start_complete_close" time="3.625" /><testcase classname="tests.backend_test.TestUsers" name="test_admin_patches_user" time="0.316" /></testsuite></testsuites>